<?xml version="1.0" encoding="UTF-8"?>
<testsuite name="com.netflix.simianarmy.conformity.TestCrossZoneLoadBalancing" tests="3" skipped="0" failures="0" errors="0" timestamp="2017-11-08T01:32:23" hostname="SASORI" time="0.0">
  <properties/>
  <testcase name="testAsgWithoutElb" classname="com.netflix.simianarmy.conformity.TestCrossZoneLoadBalancing" time="0.0"/>
  <testcase name="testDisabledCrossZoneLoadBalancing" classname="com.netflix.simianarmy.conformity.TestCrossZoneLoadBalancing" time="0.0"/>
  <testcase name="testEnabledCrossZoneLoadBalancing" classname="com.netflix.simianarmy.conformity.TestCrossZoneLoadBalancing" time="0.0"/>
  <system-out><![CDATA[]]></system-out>
  <system-err><![CDATA[]]></system-err>
</testsuite>
