<?xml version="1.0" encoding="UTF-8"?>
<testsuite name="com.netflix.simianarmy.basic.TestBasicConfiguration" tests="5" skipped="0" failures="0" errors="0" timestamp="2017-11-08T01:32:04" hostname="SASORI" time="0.002">
  <properties/>
  <testcase name="testGetBool" classname="com.netflix.simianarmy.basic.TestBasicConfiguration" time="0.0"/>
  <testcase name="testGetBoolOrElse" classname="com.netflix.simianarmy.basic.TestBasicConfiguration" time="0.0"/>
  <testcase name="testGetNumOrElse" classname="com.netflix.simianarmy.basic.TestBasicConfiguration" time="0.0"/>
  <testcase name="testGetStr" classname="com.netflix.simianarmy.basic.TestBasicConfiguration" time="0.0"/>
  <testcase name="testGetStrOrElse" classname="com.netflix.simianarmy.basic.TestBasicConfiguration" time="0.0"/>
  <system-out><![CDATA[]]></system-out>
  <system-err><![CDATA[]]></system-err>
</testsuite>
