<?xml version="1.0" encoding="UTF-8"?>
<testsuite name="com.netflix.simianarmy.aws.janitor.TestAWSResource" tests="4" skipped="0" failures="0" errors="0" timestamp="2017-11-08T01:32:00" hostname="SASORI" time="0.01">
  <properties/>
  <testcase name="testClone" classname="com.netflix.simianarmy.aws.janitor.TestAWSResource" time="0.001"/>
  <testcase name="testFieldToValueMapWithNull" classname="com.netflix.simianarmy.aws.janitor.TestAWSResource" time="0.0"/>
  <testcase name="testFieldToValueMapWithoutNullForInstance" classname="com.netflix.simianarmy.aws.janitor.TestAWSResource" time="0.001"/>
  <testcase name="testParseFieldToValueMap" classname="com.netflix.simianarmy.aws.janitor.TestAWSResource" time="0.007"/>
  <system-out><![CDATA[]]></system-out>
  <system-err><![CDATA[]]></system-err>
</testsuite>
