<?xml version="1.0" encoding="UTF-8"?>
<testsuite name="com.netflix.simianarmy.aws.janitor.crawler.TestEBSVolumeJanitorCrawler" tests="4" skipped="0" failures="0" errors="0" timestamp="2017-11-08T01:32:23" hostname="SASORI" time="0.006">
  <properties/>
  <testcase name="testResourceTypes" classname="com.netflix.simianarmy.aws.janitor.crawler.TestEBSVolumeJanitorCrawler" time="0.005"/>
  <testcase name="testVolumesWithIds" classname="com.netflix.simianarmy.aws.janitor.crawler.TestEBSVolumeJanitorCrawler" time="0.0"/>
  <testcase name="testVolumesWithNullIds" classname="com.netflix.simianarmy.aws.janitor.crawler.TestEBSVolumeJanitorCrawler" time="0.0"/>
  <testcase name="testVolumesWithResourceType" classname="com.netflix.simianarmy.aws.janitor.crawler.TestEBSVolumeJanitorCrawler" time="0.0"/>
  <system-out><![CDATA[]]></system-out>
  <system-err><![CDATA[]]></system-err>
</testsuite>
