<?xml version="1.0" encoding="UTF-8"?>
<testsuite name="com.netflix.simianarmy.aws.janitor.crawler.TestELBJanitorCrawler" tests="6" skipped="0" failures="0" errors="0" timestamp="2017-11-08T01:32:23" hostname="SASORI" time="0.033">
  <properties/>
  <testcase name="testElbsWithInstances" classname="com.netflix.simianarmy.aws.janitor.crawler.TestELBJanitorCrawler" time="0.018"/>
  <testcase name="testElbsWithMultipleReferencedASGs" classname="com.netflix.simianarmy.aws.janitor.crawler.TestELBJanitorCrawler" time="0.005"/>
  <testcase name="testElbsWithNoInstances" classname="com.netflix.simianarmy.aws.janitor.crawler.TestELBJanitorCrawler" time="0.0"/>
  <testcase name="testElbsWithNoReferencedASGs" classname="com.netflix.simianarmy.aws.janitor.crawler.TestELBJanitorCrawler" time="0.005"/>
  <testcase name="testElbsWithReferencedASGs" classname="com.netflix.simianarmy.aws.janitor.crawler.TestELBJanitorCrawler" time="0.0"/>
  <testcase name="testResourceTypes" classname="com.netflix.simianarmy.aws.janitor.crawler.TestELBJanitorCrawler" time="0.005"/>
  <system-out><![CDATA[]]></system-out>
  <system-err><![CDATA[]]></system-err>
</testsuite>
