<?xml version="1.0" encoding="UTF-8"?>
<testsuite name="com.netflix.simianarmy.aws.janitor.crawler.TestASGJanitorCrawler" tests="4" skipped="0" failures="0" errors="0" timestamp="2017-11-08T01:31:57" hostname="SASORI" time="0.051">
  <properties/>
  <testcase name="testInstancesWithNames" classname="com.netflix.simianarmy.aws.janitor.crawler.TestASGJanitorCrawler" time="0.045"/>
  <testcase name="testInstancesWithNullNames" classname="com.netflix.simianarmy.aws.janitor.crawler.TestASGJanitorCrawler" time="0.003"/>
  <testcase name="testInstancesWithResourceType" classname="com.netflix.simianarmy.aws.janitor.crawler.TestASGJanitorCrawler" time="0.001"/>
  <testcase name="testResourceTypes" classname="com.netflix.simianarmy.aws.janitor.crawler.TestASGJanitorCrawler" time="0.002"/>
  <system-out><![CDATA[]]></system-out>
  <system-err><![CDATA[]]></system-err>
</testsuite>
