<?xml version="1.0" encoding="UTF-8"?>
<testsuite name="com.netflix.simianarmy.client.aws.chaos.TestFilterASGChaosCrawler" tests="1" skipped="0" failures="0" errors="0" timestamp="2017-11-08T01:32:23" hostname="SASORI" time="0.014">
  <properties/>
  <testcase name="testFilterGroups" classname="com.netflix.simianarmy.client.aws.chaos.TestFilterASGChaosCrawler" time="0.014"/>
  <system-out><![CDATA[]]></system-out>
  <system-err><![CDATA[]]></system-err>
</testsuite>
