<?xml version="1.0" encoding="UTF-8"?>
<testsuite name="com.netflix.simianarmy.aws.janitor.crawler.TestEBSSnapshotJanitorCrawler" tests="4" skipped="0" failures="0" errors="0" timestamp="2017-11-08T01:32:23" hostname="SASORI" time="0.01">
  <properties/>
  <testcase name="testResourceTypes" classname="com.netflix.simianarmy.aws.janitor.crawler.TestEBSSnapshotJanitorCrawler" time="0.005"/>
  <testcase name="testSnapshotsWithIds" classname="com.netflix.simianarmy.aws.janitor.crawler.TestEBSSnapshotJanitorCrawler" time="0.001"/>
  <testcase name="testSnapshotsWithNullIds" classname="com.netflix.simianarmy.aws.janitor.crawler.TestEBSSnapshotJanitorCrawler" time="0.004"/>
  <testcase name="testSnapshotsWithResourceType" classname="com.netflix.simianarmy.aws.janitor.crawler.TestEBSSnapshotJanitorCrawler" time="0.0"/>
  <system-out><![CDATA[]]></system-out>
  <system-err><![CDATA[]]></system-err>
</testsuite>
