<?xml version="1.0" encoding="UTF-8"?>
<testsuite name="com.netflix.simianarmy.client.vsphere.TestPropertyBasedTerminationStrategy" tests="2" skipped="0" failures="0" errors="0" timestamp="2017-11-08T01:32:23" hostname="SASORI" time="0.02">
  <properties/>
  <testcase name="shouldReturnConfiguredPropertyNameAndValueAfterConstructedFromConfig" classname="com.netflix.simianarmy.client.vsphere.TestPropertyBasedTerminationStrategy" time="0.016"/>
  <testcase name="shouldSetPropertyAndResetVirtualMachineAfterTermination" classname="com.netflix.simianarmy.client.vsphere.TestPropertyBasedTerminationStrategy" time="0.004"/>
  <system-out><![CDATA[]]></system-out>
  <system-err><![CDATA[]]></system-err>
</testsuite>
