<?xml version="1.0" encoding="UTF-8"?>
<testsuite name="com.netflix.simianarmy.client.vsphere.TestVSpehereClient" tests="2" skipped="0" failures="0" errors="0" timestamp="2017-11-08T01:32:23" hostname="SASORI" time="0.053">
  <properties/>
  <testcase name="shouldDescribeGroupsCorrectly" classname="com.netflix.simianarmy.client.vsphere.TestVSpehereClient" time="0.051"/>
  <testcase name="shouldTerminateCorrectly" classname="com.netflix.simianarmy.client.vsphere.TestVSpehereClient" time="0.002"/>
  <system-out><![CDATA[]]></system-out>
  <system-err><![CDATA[]]></system-err>
</testsuite>
