<?xml version="1.0" encoding="UTF-8"?>
<testsuite name="com.netflix.simianarmy.client.vsphere.TestVSphereContext" tests="1" skipped="0" failures="0" errors="0" timestamp="2017-11-08T01:32:23" hostname="SASORI" time="1.813">
  <properties/>
  <testcase name="shouldSetClientOfCorrectType" classname="com.netflix.simianarmy.client.vsphere.TestVSphereContext" time="1.813"/>
  <system-out><![CDATA[]]></system-out>
  <system-err><![CDATA[]]></system-err>
</testsuite>
