<?xml version="1.0" encoding="UTF-8"?>
<testsuite name="com.netflix.simianarmy.client.aws.TestAWSClient" tests="3" skipped="0" failures="0" errors="0" timestamp="2017-11-08T01:32:00" hostname="SASORI" time="0.058">
  <properties/>
  <testcase name="testClients" classname="com.netflix.simianarmy.client.aws.TestAWSClient" time="0.051"/>
  <testcase name="testDescribeAutoScalingGroups" classname="com.netflix.simianarmy.client.aws.TestAWSClient" time="0.004"/>
  <testcase name="testTerminateInstance" classname="com.netflix.simianarmy.client.aws.TestAWSClient" time="0.003"/>
  <system-out><![CDATA[]]></system-out>
  <system-err><![CDATA[]]></system-err>
</testsuite>
