<?xml version="1.0" encoding="UTF-8"?>
<testsuite name="com.netflix.simianarmy.aws.janitor.TestSimpleDBJanitorResourceTracker" tests="2" skipped="0" failures="0" errors="0" timestamp="2017-11-08T01:32:23" hostname="SASORI" time="0.008">
  <properties/>
  <testcase name="testAddResource" classname="com.netflix.simianarmy.aws.janitor.TestSimpleDBJanitorResourceTracker" time="0.003"/>
  <testcase name="testGetResources" classname="com.netflix.simianarmy.aws.janitor.TestSimpleDBJanitorResourceTracker" time="0.004"/>
  <system-out><![CDATA[]]></system-out>
  <system-err><![CDATA[]]></system-err>
</testsuite>
