<?xml version="1.0" encoding="UTF-8"?>
<testsuite name="com.netflix.simianarmy.aws.conformity.rule.TestInstanceInVPC" tests="2" skipped="0" failures="0" errors="0" timestamp="2017-11-08T01:32:23" hostname="SASORI" time="0.015">
  <properties/>
  <testcase name="testAsgInstances" classname="com.netflix.simianarmy.aws.conformity.rule.TestInstanceInVPC" time="0.0"/>
  <testcase name="testCheckSoloInstances" classname="com.netflix.simianarmy.aws.conformity.rule.TestInstanceInVPC" time="0.015"/>
  <system-out><![CDATA[]]></system-out>
  <system-err><![CDATA[]]></system-err>
</testsuite>
