<?xml version="1.0" encoding="UTF-8"?>
<testsuite name="com.netflix.simianarmy.tunable.TestTunablyAggressiveChaosMonkey" tests="2" skipped="0" failures="0" errors="0" timestamp="2017-11-08T01:32:23" hostname="SASORI" time="0.016">
  <properties/>
  <testcase name="testFullProbability_basic" classname="com.netflix.simianarmy.tunable.TestTunablyAggressiveChaosMonkey" time="0.016"/>
  <testcase name="testFullProbability_tuned" classname="com.netflix.simianarmy.tunable.TestTunablyAggressiveChaosMonkey" time="0.0"/>
  <system-out><![CDATA[]]></system-out>
  <system-err><![CDATA[]]></system-err>
</testsuite>
