<?xml version="1.0" encoding="UTF-8"?>
<testsuite name="com.netflix.simianarmy.client.vsphere.TestVSphereGroups" tests="3" skipped="0" failures="0" errors="0" timestamp="2017-11-08T01:32:25" hostname="SASORI" time="0.004">
  <properties/>
  <testcase name="shouldReturnListContainigSingleASGWhenAddInstanceIsCalledOnce" classname="com.netflix.simianarmy.client.vsphere.TestVSphereGroups" time="0.002"/>
  <testcase name="shouldReturnListContainigTwoASGWhenAddInstanceIsCalledTwice" classname="com.netflix.simianarmy.client.vsphere.TestVSphereGroups" time="0.001"/>
  <testcase name="shouldReturnListContainingSingleASGWithTwoInstancesWhenAddInstanceIsCaledTwiceForSameGroup" classname="com.netflix.simianarmy.client.vsphere.TestVSphereGroups" time="0.0"/>
  <system-out><![CDATA[]]></system-out>
  <system-err><![CDATA[]]></system-err>
</testsuite>
