<?xml version="1.0" encoding="UTF-8"?>
<testsuite name="com.netflix.simianarmy.aws.TestAWSEmailNotifier" tests="1" skipped="0" failures="0" errors="0" timestamp="2017-11-08T01:32:00" hostname="SASORI" time="0.001">
  <properties/>
  <testcase name="testEmailWithHashIsValid" classname="com.netflix.simianarmy.aws.TestAWSEmailNotifier" time="0.001"/>
  <system-out><![CDATA[]]></system-out>
  <system-err><![CDATA[]]></system-err>
</testsuite>
