<?xml version="1.0" encoding="UTF-8"?>
<testsuite name="com.netflix.simianarmy.basic.TestBasicContext" tests="6" skipped="0" failures="0" errors="0" timestamp="2017-11-08T01:32:04" hostname="SASORI" time="17.703">
  <properties/>
  <testcase name="testContext" classname="com.netflix.simianarmy.basic.TestBasicContext" time="2.291"/>
  <testcase name="testIsAbleToUseProxyByConfiguration" classname="com.netflix.simianarmy.basic.TestBasicContext" time="6.098"/>
  <testcase name="testIsNotSafeToLogProperty" classname="com.netflix.simianarmy.basic.TestBasicContext" time="2.396"/>
  <testcase name="testIsNotSafeToLogVsphereProperty" classname="com.netflix.simianarmy.basic.TestBasicContext" time="2.24"/>
  <testcase name="testIsNotUsingProxyByDefault" classname="com.netflix.simianarmy.basic.TestBasicContext" time="2.4"/>
  <testcase name="testIsSafeToLogProperty" classname="com.netflix.simianarmy.basic.TestBasicContext" time="2.278"/>
  <system-out><![CDATA[]]></system-out>
  <system-err><![CDATA[]]></system-err>
</testsuite>
