<?xml version="1.0" encoding="UTF-8"?>
<testsuite name="com.netflix.simianarmy.aws.janitor.crawler.TestLaunchConfigJanitorCrawler" tests="4" skipped="0" failures="0" errors="0" timestamp="2017-11-08T01:32:23" hostname="SASORI" time="0.015">
  <properties/>
  <testcase name="testInstancesWithNames" classname="com.netflix.simianarmy.aws.janitor.crawler.TestLaunchConfigJanitorCrawler" time="0.0"/>
  <testcase name="testInstancesWithNullNames" classname="com.netflix.simianarmy.aws.janitor.crawler.TestLaunchConfigJanitorCrawler" time="0.0"/>
  <testcase name="testInstancesWithResourceType" classname="com.netflix.simianarmy.aws.janitor.crawler.TestLaunchConfigJanitorCrawler" time="0.014"/>
  <testcase name="testResourceTypes" classname="com.netflix.simianarmy.aws.janitor.crawler.TestLaunchConfigJanitorCrawler" time="0.0"/>
  <system-out><![CDATA[]]></system-out>
  <system-err><![CDATA[]]></system-err>
</testsuite>
