<?xml version="1.0" encoding="UTF-8"?>
<testsuite name="com.netflix.simianarmy.aws.TestRDSRecorder" tests="4" skipped="0" failures="0" errors="0" timestamp="2017-11-08T01:32:23" hostname="SASORI" time="0.014">
  <properties/>
  <testcase name="testFindEvent" classname="com.netflix.simianarmy.aws.TestRDSRecorder" time="0.003"/>
  <testcase name="testFindEventNotFound" classname="com.netflix.simianarmy.aws.TestRDSRecorder" time="0.003"/>
  <testcase name="testInit" classname="com.netflix.simianarmy.aws.TestRDSRecorder" time="0.0"/>
  <testcase name="testInsertNewRecordEvent" classname="com.netflix.simianarmy.aws.TestRDSRecorder" time="0.008"/>
  <system-out><![CDATA[]]></system-out>
  <system-err><![CDATA[]]></system-err>
</testsuite>
