<?xml version="1.0" encoding="UTF-8"?>
<testsuite name="com.netflix.simianarmy.basic.janitor.TestBasicJanitorRuleEngine" tests="8" skipped="0" failures="0" errors="0" timestamp="2017-11-08T01:32:22" hostname="SASORI" time="0.003">
  <properties/>
  <testcase name="testAllValid" classname="com.netflix.simianarmy.basic.janitor.TestBasicJanitorRuleEngine" time="0.0"/>
  <testcase name="testEmptyRuleSet" classname="com.netflix.simianarmy.basic.janitor.TestBasicJanitorRuleEngine" time="0.0"/>
  <testcase name="testIsValidWithNearestTerminationTime" classname="com.netflix.simianarmy.basic.janitor.TestBasicJanitorRuleEngine" time="0.001"/>
  <testcase name="testMixed" classname="com.netflix.simianarmy.basic.janitor.TestBasicJanitorRuleEngine" time="0.0"/>
  <testcase name="testWithExclusionRuleMatch1" classname="com.netflix.simianarmy.basic.janitor.TestBasicJanitorRuleEngine" time="0.0"/>
  <testcase name="testWithExclusionRuleMatch2" classname="com.netflix.simianarmy.basic.janitor.TestBasicJanitorRuleEngine" time="0.0"/>
  <testcase name="testWithExclusionRuleNotMatch1" classname="com.netflix.simianarmy.basic.janitor.TestBasicJanitorRuleEngine" time="0.0"/>
  <testcase name="testWithExclusionRuleNotMatch2" classname="com.netflix.simianarmy.basic.janitor.TestBasicJanitorRuleEngine" time="0.0"/>
  <system-out><![CDATA[]]></system-out>
  <system-err><![CDATA[]]></system-err>
</testsuite>
