<?xml version="1.0" encoding="UTF-8"?>
<testsuite name="com.netflix.simianarmy.janitor.TestBasicJanitorMonkeyContext" tests="2" skipped="0" failures="0" errors="0" timestamp="2017-11-08T01:32:22" hostname="SASORI" time="0.002">
  <properties/>
  <testcase name="testAddRuleWithUntaggedRuleResource" classname="com.netflix.simianarmy.janitor.TestBasicJanitorMonkeyContext" time="0.001"/>
  <testcase name="testAddRuleWithoutUntaggedRuleResource" classname="com.netflix.simianarmy.janitor.TestBasicJanitorMonkeyContext" time="0.001"/>
  <system-out><![CDATA[]]></system-out>
  <system-err><![CDATA[]]></system-err>
</testsuite>
