<?xml version="1.0" encoding="UTF-8"?>
<testsuite name="com.netflix.simianarmy.client.vsphere.TestVSphereServiceConnection" tests="7" skipped="0" failures="0" errors="0" timestamp="2017-11-08T01:32:25" hostname="SASORI" time="0.027">
  <properties/>
  <testcase name="shouldCallSearchManagedEntitiesOnDescribeWhenAtLeastOneVMIsReturned" classname="com.netflix.simianarmy.client.vsphere.TestVSphereServiceConnection" time="0.015"/>
  <testcase name="shouldCallSearchManagedEntityAndReturnVMForDoItGetVirtualMachineById" classname="com.netflix.simianarmy.client.vsphere.TestVSphereServiceConnection" time="0.003"/>
  <testcase name="shouldEncapsulateInvalidPropertyException" classname="com.netflix.simianarmy.client.vsphere.TestVSphereServiceConnection" time="0.001"/>
  <testcase name="shouldEncapsulateRemoteExceptionException" classname="com.netflix.simianarmy.client.vsphere.TestVSphereServiceConnection" time="0.002"/>
  <testcase name="shouldEncapsulateRuntimeFaultException" classname="com.netflix.simianarmy.client.vsphere.TestVSphereServiceConnection" time="0.002"/>
  <testcase name="shouldReturnConfiguredPropertiesAfterConstructedFromConfig" classname="com.netflix.simianarmy.client.vsphere.TestVSphereServiceConnection" time="0.0"/>
  <testcase name="shouldThrowExceptionWhenCallingSearchManagedEntitiesOnDescribeWhenNoVMsAreReturned" classname="com.netflix.simianarmy.client.vsphere.TestVSphereServiceConnection" time="0.001"/>
  <system-out><![CDATA[]]></system-out>
  <system-err><![CDATA[]]></system-err>
</testsuite>
