<?xml version="1.0" encoding="UTF-8"?>
<testsuite name="com.netflix.simianarmy.aws.TestSimpleDBRecorder" tests="3" skipped="0" failures="0" errors="0" timestamp="2017-11-08T01:32:23" hostname="SASORI" time="0.007">
  <properties/>
  <testcase name="testClients" classname="com.netflix.simianarmy.aws.TestSimpleDBRecorder" time="0.003"/>
  <testcase name="testFindEvent" classname="com.netflix.simianarmy.aws.TestSimpleDBRecorder" time="0.004"/>
  <testcase name="testRecordEvent" classname="com.netflix.simianarmy.aws.TestSimpleDBRecorder" time="0.0"/>
  <system-out><![CDATA[]]></system-out>
  <system-err><![CDATA[]]></system-err>
</testsuite>
