<?xml version="1.0" encoding="UTF-8"?>
<testsuite name="com.netflix.simianarmy.basic.chaos.TestBasicChaosEmailNotifier" tests="12" skipped="0" failures="0" errors="0" timestamp="2017-11-08T01:32:00" hostname="SASORI" time="0.074">
  <properties/>
  <testcase name="testBuildAndSendEmail" classname="com.netflix.simianarmy.basic.chaos.TestBasicChaosEmailNotifier" time="0.051"/>
  <testcase name="testBuildAndSendEmailSubjectIsBody" classname="com.netflix.simianarmy.basic.chaos.TestBasicChaosEmailNotifier" time="0.0"/>
  <testcase name="testInvalidEmailAddresses" classname="com.netflix.simianarmy.basic.chaos.TestBasicChaosEmailNotifier" time="0.015"/>
  <testcase name="testValidEmailAddresses" classname="com.netflix.simianarmy.basic.chaos.TestBasicChaosEmailNotifier" time="0.007"/>
  <testcase name="testbuildEmailBody" classname="com.netflix.simianarmy.basic.chaos.TestBasicChaosEmailNotifier" time="0.001"/>
  <testcase name="testbuildEmailBodyPrefix" classname="com.netflix.simianarmy.basic.chaos.TestBasicChaosEmailNotifier" time="0.0"/>
  <testcase name="testbuildEmailBodyPrefixSuffix" classname="com.netflix.simianarmy.basic.chaos.TestBasicChaosEmailNotifier" time="0.0"/>
  <testcase name="testbuildEmailBodySuffix" classname="com.netflix.simianarmy.basic.chaos.TestBasicChaosEmailNotifier" time="0.0"/>
  <testcase name="testbuildEmailSubject" classname="com.netflix.simianarmy.basic.chaos.TestBasicChaosEmailNotifier" time="0.0"/>
  <testcase name="testbuildEmailSubjectWithSubjectPrefix" classname="com.netflix.simianarmy.basic.chaos.TestBasicChaosEmailNotifier" time="0.0"/>
  <testcase name="testbuildEmailSubjectWithSubjectPrefixSuffix" classname="com.netflix.simianarmy.basic.chaos.TestBasicChaosEmailNotifier" time="0.0"/>
  <testcase name="testbuildEmailSubjectWithSubjectSuffix" classname="com.netflix.simianarmy.basic.chaos.TestBasicChaosEmailNotifier" time="0.0"/>
  <system-out><![CDATA[2017-11-07 20:32:00.767 - ERROR AWSEmailNotifier - [AWSEmailNotifier.java:98] Invalid email address: username
2017-11-07 20:32:00.767 - ERROR AWSEmailNotifier - [AWSEmailNotifier.java:98] Invalid email address: username@.com.my
2017-11-07 20:32:00.767 - ERROR AWSEmailNotifier - [AWSEmailNotifier.java:98] Invalid email address: username123@example.a
2017-11-07 20:32:00.767 - ERROR AWSEmailNotifier - [AWSEmailNotifier.java:98] Invalid email address: username123@.com
2017-11-07 20:32:00.767 - ERROR AWSEmailNotifier - [AWSEmailNotifier.java:98] Invalid email address: username123@.com.com
2017-11-07 20:32:00.767 - ERROR AWSEmailNotifier - [AWSEmailNotifier.java:98] Invalid email address: username()*@example.com
2017-11-07 20:32:00.782 - ERROR AWSEmailNotifier - [AWSEmailNotifier.java:98] Invalid email address: username@%*.com
]]></system-out>
  <system-err><![CDATA[]]></system-err>
</testsuite>
